<?xml version="1.0" encoding="UTF-8"?>
<!-- Generated by org.testng.reporters.JUnitReportReporter -->
<testsuite hostname="MacBook-Air.local" failures="0" tests="2" name="TestRunner" time="73.629" errors="0" timestamp="28 Oct 2020 19:17:04 GMT">
  <testcase classname="TestRunner" name="feature" time="59.069"/>
  <testcase classname="TestRunner" name="feature" time="14.560"/>
</testsuite> <!-- TestRunner -->
